<?xml version="1.0" encoding="UTF-8"?>
<!-- Generated by org.testng.reporters.JUnitReportReporter -->
<testsuite hostname="DESKTOP-JP4R52K" failures="0" tests="7" name="garima_Demo_agile.demoNgTest" time="2.380" errors="0" timestamp="2022-07-16T01:10:51 IST" skipped="0">
  <testcase classname="garima_Demo_agile.demoNgTest" name="test2" time="0.033"/>
  <system-out/>
  <testcase classname="garima_Demo_agile.demoNgTest" name="test7" time="0.102"/>
  <system-out/>
  <testcase classname="garima_Demo_agile.demoNgTest" name="test3" time="0.033"/>
  <system-out/>
  <testcase classname="garima_Demo_agile.demoNgTest" name="test5" time="0.131"/>
  <system-out/>
  <testcase classname="garima_Demo_agile.demoNgTest" name="test1" time="1.867"/>
  <system-out/>
  <testcase classname="garima_Demo_agile.demoNgTest" name="test4" time="0.068"/>
  <system-out/>
  <testcase classname="garima_Demo_agile.demoNgTest" name="test6" time="0.146"/>
  <system-out/>
</testsuite> <!-- garima_Demo_agile.demoNgTest -->
