<?xml version="1.0" encoding="UTF-8"?>
<!-- Generated by org.testng.reporters.JUnitReportReporter -->
<testsuite hostname="DESKTOP-JP4R52K" failures="0" tests="2" name="utility.TestCasesAPI" time="1.875" errors="0" timestamp="2022-07-15T21:12:34 IST" skipped="0">
  <testcase classname="utility.TestCasesAPI" name="test2" time="0.131"/>
  <system-out/>
  <testcase classname="utility.TestCasesAPI" name="test1" time="1.744"/>
  <system-out/>
</testsuite> <!-- utility.TestCasesAPI -->
